23:08:37.314 [main] ERROR by.task.kukjan.reader.ArrayReader - There is no correct line in the file!
23:10:11.254 [main] ERROR by.task.kukjan.reader.ArrayReader - There is no correct line in the file!
23:13:38.602 [main] INFO  by.task.kukjan.service.impl.ArrayServiceImplement - Minimum array element: 1
23:33:42.432 [main] ERROR by.task.kukjan.reader.ArrayReader - There is no correct line in the file!
23:35:16.152 [main] ERROR by.task.kukjan.reader.ArrayReader - There is no correct line in the file!
23:36:17.970 [main] ERROR by.task.kukjan.reader.ArrayReader - There is no correct line in the file!
23:38:46.438 [main] ERROR by.task.kukjan.reader.ArrayReader - There is no correct line in the file!
12:50:10.064 [main] INFO  by.task.kukjan.service.impl.ArrayServiceImplement - Maximum array element: 5
12:50:28.509 [main] INFO  by.task.kukjan.service.impl.ArrayServiceImplement - Maximum array element: 5
13:09:30.853 [main] INFO  by.task.kukjan.service.impl.ArrayServiceImplement - The sum of the array elements = 15
13:09:30.889 [main] INFO  by.task.kukjan.service.impl.ArrayServiceImplement - The average value of array elements = 3.0
13:09:48.676 [main] INFO  by.task.kukjan.service.impl.ArrayServiceImplement - The sum of the array elements = 15
13:09:48.685 [main] INFO  by.task.kukjan.service.impl.ArrayServiceImplement - The average value of array elements = 3.0
13:10:34.542 [main] INFO  by.task.kukjan.service.impl.ArrayServiceImplement - Maximum array element: 5
13:10:44.013 [main] INFO  by.task.kukjan.service.impl.ArrayServiceImplement - Maximum array element: 5
13:13:32.898 [main] INFO  by.task.kukjan.service.impl.ArrayServiceImplement - The sum of the array elements = 15
13:34:48.645 [main] INFO  by.task.kukjan.service.impl.ArrayServiceImplement - Number of positive array elements = 5
13:35:08.082 [main] INFO  by.task.kukjan.service.impl.ArrayServiceImplement - Number of positive array elements = 5
14:16:58.828 [main] INFO  by.task.kukjan.service.impl.ArrayServiceImplement - Number of positive array elements = 5
14:17:11.893 [main] INFO  by.task.kukjan.service.impl.ArrayServiceImplement - Number of negative array elements = 0
14:38:07.753 [main] INFO  by.task.kukjan.service.impl.ArrayServiceImplement - Array elements equal to 0 have been replaced with an element equal to 1
14:38:37.335 [main] INFO  by.task.kukjan.service.impl.ArrayServiceImplement - Array elements equal to 0 have been replaced with an element equal to 1
14:41:35.517 [main] INFO  by.task.kukjan.service.impl.ArrayServiceImplement - Array elements equal to 0 have been replaced with an element equal to 1
14:47:11.213 [main] INFO  by.task.kukjan.service.impl.ArrayServiceImplement - Array elements equal to 0 have been replaced with an element equal to 1
14:55:11.351 [main] INFO  by.task.kukjan.service.impl.ArrayServiceImplement - Array elements equal to 0 have been replaced with an element equal to 1
14:59:29.650 [main] INFO  by.task.kukjan.service.impl.ArrayServiceImplement - Array elements equal to 0 have been replaced with an element equal to 1
19:04:43.459 [main] INFO  by.task.kukjan.service.impl.ArrayServiceImplement - The array after swapping negative elements to positive is [-4, 5, -1, 3, -2, 0]
19:19:47.316 [main] INFO  by.task.kukjan.service.impl.ArrayServiceImplement - The array after swapping negative elements to positive is [-4, 5, -1, 3, -2, 0]
19:20:14.167 [main] INFO  by.task.kukjan.service.impl.ArrayServiceImplement - The array after swapping negative elements to positive is [-4, 5, -1, 3, -2, 0]
19:22:01.190 [main] INFO  by.task.kukjan.service.impl.ArrayServiceImplement - The array after swapping negative elements to positive is [-4, 5, -1, 3, -2, 0]
19:24:33.165 [main] INFO  by.task.kukjan.service.impl.ArrayServiceImplement - The array after swapping negative elements to positive is [I@c94fd30
19:25:22.510 [main] INFO  by.task.kukjan.service.impl.ArrayServiceImplement - The array after swapping negative elements to positive is [I@77102b91
19:56:58.774 [main] INFO  by.task.kukjan.service.impl.ArrayServiceImplement - The array after swapping negative elements to positive is [4, 5, 1, 3, 2, 0]
21:01:01.858 [main] INFO  by.task.kukjan.service.impl.ArrayServiceImplement - The array after swapping negative elements to positive is [4, 5, 1, 3, 2, 0]
21:08:33.120 [main] INFO  by.task.kukjan.service.impl.ArraySortServiceImplement - Bubble sort finished. Sorted array is: [-4, -2, -1, 0, 3, 5]
21:08:54.943 [main] INFO  by.task.kukjan.service.impl.ArraySortServiceImplement - Bubble sort finished. Sorted array is: [-4, -2, -1, 0, 3, 5]
21:49:39.148 [main] INFO  by.task.kukjan.service.impl.ArraySortServiceImplement - Insertion sort finished. Sorted array is: [-4, -2, -1, 0, 3, 5]
21:50:09.246 [main] INFO  by.task.kukjan.service.impl.ArraySortServiceImplement - Insertion sort finished. Sorted array is: [-4, -2, -1, 0, 3, 5]
23:44:33.333 [main] INFO  by.task.kukjan.service.impl.ArraySortServiceImplement - Merge sort finished. Sorted array is: [-4, 5, -1, 3, -2, 0]
23:44:33.349 [main] INFO  by.task.kukjan.service.impl.ArraySortServiceImplement - Merge sort finished. Sorted array is: [-4, 5, -1, 3, -2, 0]
23:44:33.349 [main] INFO  by.task.kukjan.service.impl.ArraySortServiceImplement - Merge sort finished. Sorted array is: [-4, 5, -1, 3, -2, 0]
23:44:33.349 [main] INFO  by.task.kukjan.service.impl.ArraySortServiceImplement - Merge sort finished. Sorted array is: [-4, 5, -1, 3, -2, 0]
23:45:11.547 [main] INFO  by.task.kukjan.service.impl.ArraySortServiceImplement - Merge sort finished. Sorted array is: [-4, 0, 0, 0, 0, 0]
23:45:11.553 [main] INFO  by.task.kukjan.service.impl.ArraySortServiceImplement - Merge sort finished. Sorted array is: [0, 0, 0, 0, 0, 0]
23:45:11.553 [main] INFO  by.task.kukjan.service.impl.ArraySortServiceImplement - Merge sort finished. Sorted array is: [0, 0, 0, 0, 0, 0]
23:45:11.553 [main] INFO  by.task.kukjan.service.impl.ArraySortServiceImplement - Merge sort finished. Sorted array is: [0, 0, 0, 0, 0, 0]
10:42:09.405 [main] INFO  by.task.kukjan.service.impl.ArraySortServiceImplement - Merge sort finished. Sorted array is:[-4, -2, 3, 0, 5, -1]
10:50:55.687 [main] ERROR by.task.kukjan.entity.EntityArray - 6out of border
10:51:27.493 [main] INFO  by.task.kukjan.service.impl.ArraySortServiceImplement - Merge sort finished. Sorted array is:[-4, -2, 3, 0, 5, -1]
11:22:27.321 [main] INFO  by.task.kukjan.service.impl.ArraySortServiceImplement - Shell sort finished. Sorted array is: [-4, -2, -1, 0, 3, 5]
11:23:00.168 [main] INFO  by.task.kukjan.service.impl.ArraySortServiceImplement - Shell sort finished. Sorted array is: [-4, -2, -1, 0, 3, 5]
14:23:42.029 [main] INFO  by.task.kukjan.service.impl.ArrayServiceImplement - Minimum array element: -4
14:29:34.780 [main] INFO  by.task.kukjan.service.impl.ArrayServiceImplement - Maximum array element: 5
14:43:15.890 [main] INFO  by.task.kukjan.service.impl.ArrayServiceImplement - The sum of the array elements = 1
14:44:11.556 [main] INFO  by.task.kukjan.service.impl.ArrayServiceImplement - The sum of the array elements = 1
14:49:27.857 [main] ERROR by.task.kukjan.reader.ArrayReader - There is no correct line in the file!
14:50:37.398 [main] INFO  by.task.kukjan.service.impl.ArrayServiceImplement - Maximum array element: 5
14:50:55.408 [main] INFO  by.task.kukjan.service.impl.ArrayServiceImplement - The sum of the array elements = 1
15:15:29.561 [main] INFO  by.task.kukjan.service.impl.ArrayServiceImplement - The average value of array elements = 0.16666666666666666
16:19:18.058 [main] INFO  by.task.kukjan.service.impl.ArrayServiceImplement - Number of negative array elements = 3
16:19:36.091 [main] INFO  by.task.kukjan.service.impl.ArrayServiceImplement - Number of negative array elements = 3
16:20:52.706 [main] INFO  by.task.kukjan.service.impl.ArrayServiceImplement - Number of positive array elements = 2
16:21:04.344 [main] INFO  by.task.kukjan.service.impl.ArrayServiceImplement - Number of negative array elements = 3
16:35:34.736 [main] INFO  by.task.kukjan.service.impl.ArrayServiceImplement - The array after swapping negative elements to positive is [4, 1, 2]
16:41:03.494 [main] INFO  by.task.kukjan.service.impl.ArrayServiceImplement - The array after swapping negative elements to positive is [4, 5, 1, 3, 2, 0]
16:55:48.787 [main] INFO  by.task.kukjan.service.impl.ArraySortServiceImplement - Sort finished. Sorted array is: [-4, -2, -1, 0, 3, 5]
11:50:36.921 [main] ERROR by.task.kukjan.validator.ArrayValidator - Entity is equal to null or array is empty
11:51:34.040 [main] INFO  by.task.kukjan.service.impl.ArrayServiceImplement - Minimum array element: -4
12:27:38.858 [main] INFO  by.task.kukjan.reader.ArrayReader - Correct line was read in file: src\test\java\resources\file.txt
12:27:45.664 [main] ERROR by.task.kukjan.reader.ArrayReader - File path represents invalid file
12:29:40.868 [main] ERROR by.task.kukjan.reader.ArrayReader - File path represents invalid file
12:40:34.090 [main] ERROR by.task.kukjan.reader.ArrayReader - File path represents invalid file
12:41:08.456 [main] ERROR by.task.kukjan.reader.ArrayReader - File path represents invalid file
12:43:01.377 [main] ERROR by.task.kukjan.reader.ArrayReader - File path represents invalid file
12:43:22.729 [main] ERROR by.task.kukjan.reader.ArrayReader - File path represents invalid file
12:43:45.328 [main] ERROR by.task.kukjan.reader.ArrayReader - File path represents invalid file
12:44:20.562 [main] ERROR by.task.kukjan.reader.ArrayReader - File path represents invalid file
12:44:59.901 [main] ERROR by.task.kukjan.reader.ArrayReader - File path represents invalid file
12:46:24.333 [main] INFO  by.task.kukjan.reader.ArrayReader - Correct line was read in file:
12:46:37.439 [main] INFO  by.task.kukjan.reader.ArrayReader - Correct line was read in file:
12:47:18.320 [main] ERROR by.task.kukjan.reader.ArrayReader - No correct line was found in file
12:48:10.760 [main] ERROR by.task.kukjan.reader.ArrayReader - No correct line was found in file
19:11:02.188 [main] ERROR by.task.kukjan.reader.ArrayReader - File path represents invalid file
19:12:37.524 [main] INFO  by.task.kukjan.service.impl.ArrayServiceImplement - The sum of the array elements = 1
19:12:37.557 [main] INFO  by.task.kukjan.service.impl.ArrayServiceImplement - The average value of array elements = 0.16666666666666666
19:12:37.577 [main] INFO  by.task.kukjan.service.impl.ArrayServiceImplement - The average value of array elements = 0.16666666666666666
19:12:37.577 [main] INFO  by.task.kukjan.service.impl.ArrayServiceImplement - Maximum array element: 5
19:12:37.577 [main] INFO  by.task.kukjan.service.impl.ArrayServiceImplement - Maximum array element: 5
19:12:37.585 [main] INFO  by.task.kukjan.service.impl.ArrayServiceImplement - Minimum array element: -4
19:12:37.587 [main] INFO  by.task.kukjan.service.impl.ArrayServiceImplement - Minimum array element: -4
19:12:37.587 [main] INFO  by.task.kukjan.service.impl.ArrayServiceImplement - Number of negative array elements = 3
19:12:37.587 [main] INFO  by.task.kukjan.service.impl.ArrayServiceImplement - Number of negative array elements = 3
19:12:37.595 [main] INFO  by.task.kukjan.service.impl.ArrayServiceImplement - Number of positive array elements = 2
19:12:37.597 [main] INFO  by.task.kukjan.service.impl.ArrayServiceImplement - Number of positive array elements = 2
19:12:37.597 [main] INFO  by.task.kukjan.service.impl.ArrayServiceImplement - The sum of the array elements = 1
19:12:37.605 [main] INFO  by.task.kukjan.service.impl.ArrayServiceImplement - The sum of the array elements = 1
19:12:37.607 [main] INFO  by.task.kukjan.service.impl.ArrayServiceImplement - The array after swapping negative elements to positive is [4, 5, 1, 3, 2, 0]
19:12:37.607 [main] INFO  by.task.kukjan.service.impl.ArrayServiceImplement - The array after swapping negative elements to positive is [4, 5, 1, 3, 2, 0]
19:15:56.556 [main] INFO  by.task.kukjan.service.impl.ArraySortServiceImplement - Bubble sort finished. Sorted array is: [-4, -2, -1, 0, 3, 5]
19:17:52.104 [main] INFO  by.task.kukjan.service.impl.ArrayServiceImplement - Minimum array element: -4
19:18:17.501 [main] INFO  by.task.kukjan.service.impl.ArraySortServiceImplement - Sort finished. Sorted array is: [-4, -2, -1, 0, 3, 5]
20:04:24.678 [main] INFO  by.task.kukjan.validator.FileNameValidator - The path equal to null
20:05:13.571 [main] INFO  by.task.kukjan.validator.FileNameValidator - The path equal to null
20:06:42.082 [main] INFO  by.task.kukjan.validator.FileNameValidator - The path equal to null
20:07:08.979 [main] INFO  by.task.kukjan.validator.FileNameValidator - The path equal to null
20:07:26.218 [main] INFO  by.task.kukjan.validator.FileNameValidator - The path equal to null
20:09:12.011 [main] INFO  by.task.kukjan.validator.FileNameValidator - The name of the path is empty
20:13:49.136 [main] ERROR by.task.kukjan.validator.FileNameValidator - The name of the path is empty
22:24:15.115 [main] ERROR by.task.kukjan.validator.ArrayValidator - Entity is equal to null or array is empty
22:25:26.583 [main] ERROR by.task.kukjan.validator.ArrayValidator - Entity is equal to null or array is empty
22:42:54.546 [main] INFO  by.task.kukjan.reader.impl.ArrayReaderImpl - Correct line was read in file:
22:43:03.667 [main] ERROR by.task.kukjan.reader.impl.ArrayReaderImpl - File path represents invalid file
22:43:09.022 [main] INFO  by.task.kukjan.reader.impl.ArrayReaderImpl - Correct line was read in file:
22:52:39.292 [main] INFO  by.task.kukjan.reader.impl.ArrayReaderImpl - Correct line was read in file:
22:55:16.327 [main] INFO  by.task.kukjan.service.impl.ArraySortServiceImplement - Bubble sort finished. Sorted array is: [-4, -2, -1, 0, 3, 5]
22:55:31.648 [main] INFO  by.task.kukjan.service.impl.ArraySortServiceImplement - Bubble sort finished. Sorted array is: [-4, -2, -1, 0, 3, 5]
17:33:48.912 [main] INFO  by.task.kukjan.reader.impl.ArrayReaderImpl - Correct line was read in file:
17:33:48.917 [main] INFO  by.task.kukjan.service.impl.ArrayServiceImplement - Maximum array element: 9
17:41:27.566 [main] INFO  by.task.kukjan.reader.impl.ArrayReaderImpl - Correct line was read in file:
17:41:27.571 [main] INFO  by.task.kukjan.service.impl.ArrayServiceImplement - Minimum array element: 1
17:41:27.573 [main] INFO  by.task.kukjan.service.impl.ArrayServiceImplement - Maximum array element: 9
17:41:27.574 [main] INFO  by.task.kukjan.service.impl.ArrayServiceImplement - Maximum array element: 9
17:41:27.574 [main] INFO  by.task.kukjan.service.impl.ArrayServiceImplement - Maximum array element: 9
17:41:27.575 [main] INFO  by.task.kukjan.service.impl.ArrayServiceImplement - The array after swapping negative elements to positive is [7, 3, 1, 9]
17:41:27.578 [main] INFO  by.task.kukjan.service.impl.ArrayServiceImplement - The array after swapping negative elements to positive is [7, 3, 1, 9]
17:41:27.578 [main] INFO  by.task.kukjan.service.impl.ArrayServiceImplement - The sum of the array elements = 20
17:41:27.580 [main] INFO  by.task.kukjan.service.impl.ArrayServiceImplement - The average value of array elements = 5.0
17:41:27.583 [main] INFO  by.task.kukjan.service.impl.ArrayServiceImplement - The average value of array elements = 5.0
